545115.000000 4055490.000000 50539.000000 -849.309060 51388.309060
545153.500000 4055491.000000 50538.500000 -894.283243 51432.783243
545202.000000 4055493.000000 50535.000000 -952.569788 51487.569788
545255.000000 4055491.000000 50534.000000 -1031.346428 51565.346428
545305.000000 4055495.000000 50535.000000 -1094.627196 51629.627196
545346.500000 4055502.000000 50540.500000 -1137.335325 51677.835325
545610.000000 4055491.000000 50548.000000 -1685.182083 52233.182083
545659.000000 4055495.500000 50551.000000 -1767.459043 52318.459043
545710.000000 4055495.000000 50550.000000 -1889.176632 52439.176632
545760.500000 4055492.000000 50551.500000 -2034.965100 52586.465100
545812.000000 4055495.500000 50550.000000 -2135.134193 52685.134193
545862.000000 4055491.000000 50552.000000 -2306.933621 52858.933621
545915.000000 4055487.000000 50556.000000 -2494.664179 53050.664179
545964.500000 4055488.000000 50554.000000 -2625.405400 53179.405400
546014.500000 4055491.000000 50553.500000 -2733.085127 53286.585127
546056.000000 4055495.000000 50558.000000 -2798.359033 53356.359033
546116.000000 4055500.000000 50561.500000 -2888.525267 53450.025267
546168.000000 4055499.500000 50562.500000 -3019.902914 53582.402914
546221.000000 4055503.000000 50563.000000 -3064.223463 53627.223463
546267.000000 4055504.000000 50567.000000 -3102.072653 53669.072653
546330.000000 4055503.500000 50564.000000 -3120.222309 53684.222309
546565.000000 4055501.000000 50555.000000 -2479.435776 53034.435776
546623.000000 4055506.000000 50544.000000 -2185.753419 52729.753419
546675.500000 4055507.000000 50561.000000 -1973.152303 52534.152303
546724.000000 4055511.000000 50553.000000 -1772.906631 52325.906631
546774.500000 4055504.000000 50551.000000 -1650.423867 52201.423867
546810.000000 4055495.000000 50552.000000 -1587.718951 52139.718951
545343.000000 4055460.500000 50534.500000 -1272.085678 51806.585678
545582.000000 4055448.000000 50553.000000 -1888.692144 52441.692144
545588.000000 4055474.000000 50547.000000 -1737.096419 52284.096419
545847.000000 4055461.000000 50553.000000 -2573.998780 53126.998780
545910.500000 4055484.000000 50553.000000 -2514.664718 53067.664718
546052.000000 4055458.000000 50561.000000 -3333.693084 53894.693084
546340.000000 4055461.000000 50566.000000 -3983.049371 54549.049371
546547.000000 4055462.500000 50567.000000 -3084.643351 53651.643351
546548.000000 4055446.000000 50566.000000 -3340.011029 53906.011029
546806.000000 4055460.000000 50548.000000 -1789.592696 52337.592696
545341.000000 4055411.500000 50537.500000 -1458.268446 51995.768446
545582.000000 4055423.000000 50556.000000 -2066.449930 52622.449930
545585.000000 4055405.000000 50550.000000 -2217.431038 52767.431038
545846.500000 4055411.000000 50564.500000 -3199.804927 53764.304927
546039.000000 4055422.000000 50577.000000 -3917.755073 54494.755073
546341.000000 4055411.000000 50573.000000 -5383.141418 55956.141418
546547.000000 4055392.500000 50566.500000 -4358.373895 54924.873895
546548.000000 4055415.000000 50557.000000 -3893.593933 54450.593933
546804.000000 4055411.000000 50552.000000 -2097.604220 52649.604220
545340.000000 4055361.000000 50540.000000 -1684.178461 52224.178461
545579.000000 4055360.000000 50564.500000 -2595.908909 53160.408909
545849.000000 4055362.000000 50572.000000 -4011.635907 54583.635907
546036.000000 4055360.000000 50580.000000 -5316.723394 55896.723394
546343.000000 4055360.000000 50581.000000 -7290.318349 57871.318349
546547.000000 4055368.000000 50570.000000 -4900.990035 55470.990035
546550.000000 4055342.000000 50572.000000 -5469.398099 56041.398099
546799.500000 4055363.500000 50559.500000 -2452.871113 53012.371113
546801.000000 4055351.000000 50557.000000 -2536.194333 53093.194333
545345.000000 4055310.000000 50540.000000 -1973.507022 52513.507022
545580.500000 4055309.500000 50565.000000 -3159.825038 53724.825038
545850.000000 4055307.000000 50575.000000 -5214.686090 55789.686090
546034.000000 4055308.000000 50584.000000 -6888.376710 57472.376710
546344.000000 4055322.000000 50567.000000 -8907.384646 59474.384646
546345.000000 4055325.000000 50573.000000 -8777.012794 59350.012794
546552.000000 4055309.500000 50572.500000 -6214.917691 56787.417691
546808.000000 4055308.500000 50557.000000 -2812.282015 53369.282015
545344.000000 4055260.000000 50541.500000 -2283.072317 52824.572317
545583.000000 4055276.000000 50572.000000 -3624.903140 54196.903140
545585.000000 4055251.000000 50574.000000 -4025.615300 54599.615300
545849.500000 4055258.500000 50583.000000 -6620.445680 57203.445680
546034.000000 4055258.000000 50588.000000 -8845.715860 59433.715860
546347.000000 4055260.000000 50553.000000 -10790.357250 61343.357250
546553.000000 4055259.000000 50569.000000 -7286.304126 57855.304126
546816.000000 4055258.000000 50556.000000 -3148.507162 53704.507162
545343.000000 4055209.000000 50545.000000 -2649.242577 53194.242577
545587.000000 4055209.000000 50573.500000 -4801.603329 55375.103329
545845.000000 4055208.000000 50593.000000 -8493.326621 59086.326621
546034.000000 4055214.000000 50599.000000 -10955.550115 61554.550115
546042.000000 4055190.000000 50612.000000 -12370.855279 62982.855279
546348.000000 4055208.000000 50534.000000 -10009.724593 60543.724593
546552.000000 4055207.000000 50570.000000 -7963.954548 58533.954548
546819.000000 4055207.500000 50560.000000 -3539.523069 54099.523069
545345.000000 4055159.000000 50541.500000 -3085.848246 53627.348246
545595.500000 4055158.500000 50585.000000 -6052.201338 56637.201338
545844.000000 4055160.000000 50596.000000 -10823.940409 61419.940409
546051.000000 4055159.000000 50603.000000 -14249.820645 64852.820645
546349.500000 4055159.000000 50513.500000 -6928.542813 57442.042813
546551.000000 4055158.500000 50574.500000 -7956.639981 58531.139981
546819.000000 4055158.000000 50562.500000 -3976.702791 54539.202791
545345.000000 4055108.000000 50546.500000 -3582.984016 54129.484016
545591.000000 4055109.000000 50587.000000 -7312.703809 57899.703809
545842.500000 4055108.500000 50594.500000 -13740.133681 64334.633681
546049.000000 4055108.000000 50602.000000 -16915.563242 67517.563242
546352.000000 4055109.000000 50501.500000 -2747.849226 53249.349226
546547.000000 4055112.000000 50559.000000 -7444.847639 58003.847639
546549.000000 4055105.000000 50567.000000 -7378.692128 57945.692128
546818.000000 4055107.500000 50561.500000 -4481.028262 55042.528262
545343.000000 4055057.500000 50550.000000 -4119.296933 54669.296933
545587.000000 4055058.000000 50588.500000 -8781.128797 59369.628797
545841.000000 4055057.000000 50586.000000 -16264.927815 66850.927815
546037.500000 4055046.000000 50578.000000 -18292.939247 68870.939247
546043.000000 4055071.000000 50592.000000 -18140.537081 68732.537081
546348.000000 4055057.000000 50503.000000 1027.377792 49475.622208
546550.000000 4055057.000000 50566.500000 -6821.865429 57388.365429
546815.000000 4055057.500000 50569.500000 -5091.867123 55661.367123
545344.000000 4055007.000000 50550.000000 -4759.323187 55309.323187
545583.000000 4055010.000000 50590.000000 -10210.014717 60800.014717
545585.000000 4055004.000000 50586.000000 -10466.460277 61052.460277
545837.000000 4054989.500000 50548.500000 -15893.954278 66442.454278
545839.000000 4055014.000000 50571.000000 -16728.063710 67299.063710
546035.000000 4055007.000000 50551.000000 -16762.095988 67313.095988
546346.500000 4055006.000000 50494.000000 3845.393617 46648.606383
546547.000000 4054985.000000 50568.000000 -6584.930865 57152.930865
546548.000000 4055011.000000 50574.000000 -6514.566402 57088.566402
546810.000000 4055007.000000 50566.000000 -5892.025001 56458.025001
545340.000000 4054956.000000 50553.000000 -5394.289052 55947.289052
545589.000000 4054957.000000 50587.000000 -12020.731662 62607.731662
545837.000000 4054978.000000 50540.000000 -15227.070090 65767.070090
545839.000000 4054953.000000 50519.500000 -13229.689106 63749.189106
546036.000000 4054956.000000 50487.000000 -11613.051485 62100.051485
546347.000000 4054956.500000 50498.500000 5533.604925 44964.895075
546547.000000 4054960.000000 50573.000000 -6909.252567 57482.252567
546548.000000 4054937.500000 50575.000000 -7442.207955 58017.207955
546798.000000 4054942.000000 50582.500000 -7412.700373 57995.200373
546806.000000 4054971.000000 50574.000000 -6620.466191 57194.466191
545347.000000 4054908.000000 50552.000000 -6255.355443 56807.355443
545583.000000 4054883.000000 50575.500000 -13366.560078 63942.060078
545586.000000 4054909.000000 50577.000000 -13049.890665 63626.890665
545836.000000 4054899.000000 50496.000000 -7686.584017 58182.584017
545839.000000 4054924.000000 50504.000000 -10305.973658 60809.973658
546039.000000 4054906.000000 50442.500000 -5362.525796 55805.025796
546348.500000 4054906.500000 50501.000000 6143.725953 44357.274047
546545.000000 4054903.000000 50574.000000 -8379.067196 58953.067196
546548.000000 4054921.000000 50563.000000 -7911.576137 58474.576137
546797.000000 4054912.000000 50567.500000 -8260.126167 58827.626167
546802.000000 4054890.000000 50549.000000 -8864.839887 59413.839887
545348.000000 4054856.000000 50556.000000 -7140.734367 57696.734367
545580.000000 4054855.500000 50573.000000 -13511.333037 64084.333037
545836.000000 4054852.000000 50476.000000 -3038.835391 53514.835391
545838.000000 4054870.000000 50482.000000 -4673.972404 55155.972404
546040.000000 4054879.000000 50439.000000 -2374.707751 52813.707751
546046.000000 4054854.000000 50442.000000 105.258044 50336.741956
546349.000000 4054855.000000 50501.000000 5790.840674 44710.159326
546542.000000 4054856.000000 50573.500000 -10305.573353 60879.073353
546800.000000 4054840.500000 50551.000000 -10709.618904 61260.618904
546802.000000 4054863.000000 50559.000000 -9816.353747 60375.353747
545348.000000 4054805.000000 50556.500000 -8033.045147 58589.545147
545577.000000 4054813.000000 50564.000000 -13241.148954 63805.148954
545589.000000 4054789.000000 50556.000000 -12345.295618 62901.295618
545834.000000 4054805.000000 50483.000000 627.794955 49855.205045
546050.000000 4054806.000000 50463.000000 3581.639210 46881.360790
546351.000000 4054805.000000 50513.000000 4785.058413 45727.941587
546539.500000 4054806.000000 50562.500000 -12677.278591 63239.778591
546798.000000 4054805.000000 50547.000000 -12039.226360 62586.226360
545349.000000 4054755.000000 50553.000000 -8944.501919 59497.501919
545591.500000 4054757.000000 50548.000000 -10798.694289 61346.694289
545835.000000 4054756.000000 50478.000000 3568.408773 46909.591227
546050.000000 4054754.500000 50477.500000 6037.063281 44440.436719
546351.000000 4054755.000000 50519.000000 4060.714656 46458.285344
546532.000000 4054756.000000 50538.000000 -13714.129400 64252.129400
546798.000000 4054764.500000 50535.500000 -12849.553705 63385.053705
546803.000000 4054738.000000 50532.500000 -12376.699351 62909.199351
545345.000000 4054703.500000 50551.000000 -9660.914852 60211.914852
545586.000000 4054705.500000 50543.000000 -7939.612885 58482.612885
545834.000000 4054706.000000 50476.000000 5773.815434 44702.184566
546040.000000 4054706.000000 50479.000000 7579.514470 42899.485530
546042.000000 4054703.000000 50476.000000 7679.933080 42796.066920
546344.000000 4054685.000000 50512.000000 5167.235541 45344.764459
546350.000000 4054709.000000 50521.000000 4307.566686 46213.433314
546527.000000 4054705.500000 50518.500000 -11743.949005 62262.449005
546809.000000 4054705.000000 50528.000000 -10460.045712 60988.045712
545342.000000 4054654.000000 50547.500000 -10207.892496 60755.392496
545581.000000 4054640.000000 50539.500000 -3359.363523 53898.863523
545585.000000 4054664.000000 50538.000000 -4905.976617 55443.976617
545835.500000 4054655.000000 50472.000000 7560.389828 42911.610172
546037.500000 4054643.000000 50463.000000 9173.543081 41289.456919
546042.500000 4054669.000000 50475.500000 8580.347947 41895.152053
546343.000000 4054654.000000 50499.000000 6086.512662 44412.487338
546529.000000 4054655.000000 50501.000000 -6536.388038 57037.388038
546815.000000 4054655.000000 50522.000000 -5185.439754 55707.439754
545340.000000 4054606.000000 50548.000000 -10470.830737 61018.830737
545580.000000 4054619.500000 50533.500000 -1829.057737 52362.557737
545587.500000 4054595.500000 50528.500000 611.156079 49917.343921
545836.000000 4054603.500000 50476.000000 9056.971252 41419.028748
546036.000000 4054605.000000 50468.000000 10021.159844 40446.840156
546341.000000 4054604.000000 50481.000000 7983.870868 42497.129132
546527.000000 4054603.000000 50491.000000 418.393719 50072.606281
546816.000000 4054604.500000 50520.500000 1011.870008 49508.629992
545344.500000 4054554.000000 50543.500000 -10262.973223 60806.473223
545588.000000 4054553.000000 50527.000000 3679.374656 46847.625344
545835.000000 4054558.000000 50483.000000 10274.005139 40208.994861
545838.000000 4054545.000000 50476.000000 10644.372854 39831.627146
546035.000000 4054554.000000 50476.000000 11174.768484 39301.231516
546339.000000 4054554.500000 50461.500000 10052.442508 40409.057492
546529.000000 4054552.500000 50484.500000 6425.800246 44058.699754
546806.000000 4054554.000000 50514.000000 6685.062669 43828.937331
545351.000000 4054504.000000 50534.000000 -8882.734144 59416.734144
545590.000000 4054503.000000 50521.500000 7024.666266 43496.833734
545840.000000 4054502.500000 50495.000000 11839.316669 38655.683331
546039.000000 4054523.000000 50492.000000 11948.873666 38543.126334
546049.000000 4054498.000000 50489.500000 12649.681453 37839.818547
546341.000000 4054506.000000 50463.000000 12137.173991 38325.826009
546346.000000 4054480.000000 50462.000000 13323.858627 37138.141373
546534.000000 4054504.000000 50482.500000 11296.328998 39186.171002
546799.000000 4054481.000000 50521.000000 12522.576745 37998.423255
546802.000000 4054506.000000 50519.000000 10795.082575 39723.917425
545348.000000 4054454.000000 50533.000000 -6228.146133 56761.146133
545591.000000 4054452.000000 50516.000000 10108.588427 40407.411573
545842.000000 4054451.000000 50504.000000 13464.084076 37039.915924
546052.000000 4054452.000000 50497.000000 14103.369570 36393.630430
546353.000000 4054452.000000 50469.000000 14720.843304 35748.156696
546538.000000 4054452.500000 50489.500000 15854.793374 34634.706626
546799.000000 4054460.000000 50525.000000 13505.659862 37019.340138
546801.000000 4054436.000000 50530.000000 14038.389374 36491.610626
545348.000000 4054403.000000 50524.000000 -1957.472331 52481.472331
545590.000000 4054400.500000 50496.500000 13104.830934 37391.669066
545841.000000 4054403.000000 50508.000000 15276.502895 35231.497105
546043.000000 4054402.000000 50501.000000 16054.290933 34446.709067
546355.000000 4054402.000000 50471.000000 17501.367632 32969.632368
546539.000000 4054403.000000 50494.000000 19817.981514 30676.018486
546806.500000 4054401.500000 50536.000000 13608.593340 36927.406660
545344.000000 4054351.500000 50520.500000 2983.101715 47537.398285
545587.000000 4054352.000000 50509.000000 16030.578085 34478.421915
545839.000000 4054352.000000 50509.000000 17680.105072 32828.894928
546034.000000 4054352.000000 50504.000000 18566.491826 31937.508174
546355.000000 4054353.000000 50474.000000 20592.434251 29881.565749
546542.000000 4054352.000000 50506.000000 23348.979914 27157.020086
546816.000000 4054351.000000 50544.000000 11085.811512 39458.188488
545344.000000 4054302.000000 50527.000000 7524.314222 43002.685778
545590.000000 4054300.000000 50507.000000 19461.908583 31045.091417
545840.000000 4054301.000000 50513.000000 20722.007702 29790.992298
546037.000000 4054301.000000 50502.000000 21865.192843 28636.807157
546354.000000 4054301.000000 50486.000000 24209.937977 26276.062023
546543.000000 4054301.000000 50517.000000 25407.085308 25109.914692
546825.000000 4054302.000000 50547.500000 7959.760006 42587.739994
545347.000000 4054251.500000 50532.000000 10347.470007 40184.529993
545593.500000 4054251.500000 50505.500000 22777.316399 27728.183601
545840.000000 4054251.000000 50520.000000 24228.388913 26291.611087
546043.000000 4054250.000000 50508.000000 25656.061969 24851.938031
546352.000000 4054251.000000 50499.500000 27548.383179 22951.116821
546544.000000 4054251.000000 50535.000000 24890.846838 25644.153162
546820.500000 4054255.000000 50553.500000 6149.446323 44404.053677
545348.000000 4054201.500000 50536.000000 10450.546035 40085.453965
545594.000000 4054201.000000 50513.000000 26030.132997 24482.867003
545840.000000 4054200.000000 50524.000000 27612.179189 22911.820811
546051.000000 4054201.000000 50528.000000 28715.436329 21812.563671
546350.000000 4054201.500000 50519.000000 29505.284281 21013.715719
546546.000000 4054200.000000 50546.000000 21488.775460 29057.224540
546819.000000 4054199.000000 50551.500000 4202.887247 46348.612753
545349.500000 4054151.000000 50535.500000 9084.389046 41451.110954
545594.000000 4054151.000000 50522.000000 28286.502063 22235.497937
545840.000000 4054151.000000 50525.500000 29000.304327 21525.195673
546051.000000 4054151.000000 50546.000000 29116.659892 21429.340108
546354.000000 4054159.000000 50526.000000 28631.287556 21894.712444
546544.000000 4054150.000000 50548.000000 17020.676012 33527.323988
546814.000000 4054150.000000 50554.000000 3105.816895 47448.183105
545102.000000 4054076.000000 50570.000000 -900.902966 51470.902966
545348.000000 4054099.000000 50540.000000 7015.143971 43524.856029
545603.000000 4054101.000000 50532.000000 28767.505548 21764.494452
545840.000000 4054100.000000 50545.000000 26840.095447 23704.904553
546047.000000 4054101.000000 50554.000000 25555.539269 24998.460731
546356.000000 4054099.000000 50551.000000 22972.786480 27578.213520
546541.000000 4054102.000000 50556.000000 12891.390841 37664.609159
546811.000000 4054099.500000 50555.500000 2250.707248 48304.792752
545109.000000 4054051.000000 50554.000000 -731.499809 51285.499809
545153.500000 4054045.000000 50550.000000 -330.060422 50880.060422
545205.000000 4054037.000000 50556.000000 403.645339 50152.354661
545255.000000 4054032.000000 50554.500000 1467.834464 49086.665536
545294.000000 4054029.000000 50552.000000 2606.924807 47945.075193
545349.000000 4054048.500000 50545.500000 5414.920271 45130.579729
545580.000000 4054034.000000 50546.000000 22777.194285 27768.805715
545593.000000 4054058.000000 50543.000000 25904.294730 24638.705270
545837.000000 4054028.000000 50556.000000 19535.722036 31020.277964
545839.000000 4054053.000000 50552.500000 22260.606244 28291.893756
546043.000000 4054050.000000 50564.000000 19627.885886 30936.114114
546354.000000 4054050.000000 50559.500000 17014.835648 33544.664352
546544.000000 4054057.500000 50563.000000 9435.632075 41127.367925
546550.000000 4054032.000000 50570.000000 7697.589929 42872.410071
546810.000000 4054049.000000 50552.000000 1629.955637 48922.044363
545112.000000 4054000.000000 50561.000000 -511.122149 51072.122149
545318.500000 4054021.500000 50553.500000 3379.462644 47174.037356
545352.000000 4054012.000000 50552.000000 4559.177530 45992.822470
545407.000000 4054002.000000 50557.000000 6980.682552 43576.317448
545457.500000 4053990.500000 50552.000000 9446.067502 41105.932498
545508.000000 4053982.000000 50561.000000 12233.514631 38327.485369
545570.000000 4053989.000000 50557.000000 17113.235374 33443.764626
545596.500000 4053998.000000 50540.000000 19688.634465 30851.365535
545659.000000 4053999.000000 50538.000000 21542.508239 28995.491761
545714.000000 4053990.000000 50546.000000 19572.319074 30973.680926
545765.500000 4053991.000000 50548.500000 17954.378355 32594.121645
545834.000000 4053988.000000 50557.000000 15403.277301 35153.722699
545861.500000 4053986.000000 50555.500000 14549.022644 36006.477356
545913.000000 4053996.000000 50553.000000 14617.792702 35935.207298
545963.000000 4054000.000000 50554.000000 14516.598963 36037.401037
546012.000000 4053996.000000 50557.000000 13870.201864 36686.798136
546046.000000 4053988.000000 50568.000000 13010.764144 37557.235856
546095.000000 4053983.000000 50559.000000 12426.668222 38132.331778
546348.000000 4054000.000000 50559.000000 11948.887426 38610.112574
546561.000000 4053999.000000 50561.000000 5834.941779 44726.058221
546798.000000 4053985.000000 50556.000000 1227.926035 49328.073965
546805.000000 4054010.500000 50548.500000 1343.190488 49205.309512
545116.000000 4053948.000000 50562.000000 -341.427167 50903.427167
545351.000000 4053948.000000 50550.000000 3164.372408 47385.627592
545565.000000 4053972.000000 50562.000000 14983.186468 35578.813532
545600.000000 4053949.000000 50553.000000 14149.193397 36403.806603
545836.000000 4053951.000000 50572.000000 12053.460414 38518.539586
545838.000000 4053926.000000 50582.500000 10169.688195 40412.811805
546044.000000 4053948.000000 50580.000000 9876.884162 40703.115838
546095.000000 4053950.000000 50562.000000 9866.962694 40695.037306
546346.000000 4053948.000000 50559.000000 8138.221391 42420.778609
546568.000000 4053950.000000 50558.000000 4087.148465 46470.851535
546797.000000 4053949.000000 50555.000000 1008.603131 49546.396869
545113.000000 4053897.000000 50565.000000 -251.678489 50816.678489
545353.000000 4053897.000000 50554.000000 2431.715489 48122.284511
545608.500000 4053897.000000 50558.000000 9588.858148 40969.141852
545837.000000 4053895.500000 50586.000000 8315.348898 42270.651102
545838.000000 4053900.500000 50586.500000 8582.469518 42004.030482
546045.000000 4053899.000000 50582.000000 7111.958556 43470.041444
546097.000000 4053899.000000 50562.500000 6975.674957 43586.825043
546341.000000 4053892.000000 50570.000000 5505.892275 45064.107725
546345.000000 4053917.000000 50565.000000 6514.512266 44050.487734
546566.500000 4053897.000000 50561.000000 2949.613881 47611.386119
546797.000000 4053898.000000 50556.000000 766.867503 49789.132497
546801.000000 4053875.000000 50562.000000 658.960807 49903.039193
545110.000000 4053859.000000 50567.000000 -203.895895 50770.895895
545351.000000 4053860.000000 50557.500000 1956.600383 48600.899617
545612.000000 4053860.000000 50560.000000 7198.961139 43361.038861
545837.000000 4053856.500000 50580.500000 6444.795659 44135.704341
545838.000000 4053868.000000 50578.000000 6933.286101 43644.713899
546045.000000 4053861.000000 50586.000000 5587.036575 44998.963425
546095.000000 4053861.000000 50569.000000 5468.324999 45100.675001
546337.000000 4053863.000000 50564.000000 4559.076430 46004.923570
546564.000000 4053860.500000 50564.500000 2396.682066 48167.817934
546800.000000 4053855.500000 50554.000000 603.533908 49950.466092
546801.000000 4053866.000000 50553.000000 630.064263 49922.935737
