544337.000000 4051114.000000 -9.582645 -34.244776 24.662131
544337.000000 4051117.000000 -9.582645 -34.061008 24.478363
544337.000000 4051119.000000 -6.582645 -33.933731 27.351087
544337.000000 4051121.000000 -4.582645 -33.802852 29.220207
544337.000000 4051124.000000 -4.582645 -33.600162 29.017517
544337.000000 4051126.000000 -9.582645 -33.461042 23.878397
544337.000000 4051128.000000 -13.582645 -33.318925 19.736280
544337.000000 4051131.000000 -17.582645 -33.100496 15.517851
544337.000000 4051133.000000 -14.582645 -32.951611 18.368966
544337.000000 4051136.000000 -3.582645 -32.723781 29.141137
544337.000000 4051139.000000 -15.582645 -32.491009 16.908365
544337.000000 4051143.000000 -20.582645 -32.173820 11.591175
544337.000000 4051146.000000 -20.582645 -31.931425 11.348781
544337.000000 4051168.000000 -17.582645 -30.077419 12.494774
544337.000000 4051170.000000 -18.582645 -29.905142 11.322497
544337.000000 4051220.000000 -10.582645 -25.690340 15.107696
544337.000000 4051222.000000 -21.582645 -25.530605 3.947960
544337.000000 4051232.000000 -18.582645 -24.746096 6.163452
544337.000000 4051235.000000 -24.582645 -24.515481 -0.067164
544337.000000 4051237.000000 -29.582645 -24.362976 -5.219668
544337.000000 4051240.000000 -22.582645 -24.136092 1.553447
544338.000000 4051112.000000 -1.582645 -34.362434 32.779790
544338.000000 4051142.000000 -15.582645 -32.252828 16.670183
544338.000000 4051149.000000 -19.582645 -31.684578 12.101933
544338.000000 4051151.000000 -22.582645 -31.519066 8.936421
544338.000000 4051154.000000 -6.582645 -31.268638 24.685994
544338.000000 4051162.000000 -11.582645 -30.590880 19.008235
544338.000000 4051165.000000 -16.582645 -30.334011 13.751367
544338.000000 4051215.000000 -12.582645 -26.093040 13.510395
544338.000000 4051217.000000 -11.582645 -25.931107 14.348463
544338.000000 4051225.000000 -22.582645 -25.292423 2.709779
544338.000000 4051227.000000 -18.582645 -25.135091 6.552446
544338.000000 4051229.000000 -22.582645 -24.978719 2.396074
544338.000000 4051242.000000 -16.582645 -23.986307 7.403662
544338.000000 4051245.000000 -14.582645 -23.763295 9.180650
544338.000000 4051247.000000 -14.582645 -23.615882 9.033237
544338.000000 4051249.000000 -11.582645 -23.469479 11.886834
544339.000000 4051065.000000 2.417355 -35.527494 37.944849
544339.000000 4051080.000000 -4.582645 -35.546672 30.964028
544339.000000 4051083.000000 -1.582645 -35.501533 33.918888
544339.000000 4051085.000000 0.417355 -35.462930 35.880286
544339.000000 4051087.000000 -1.582645 -35.417699 33.835055
544339.000000 4051090.000000 0.417355 -35.337775 35.755131
544339.000000 4051092.000000 -4.582645 -35.276683 30.694038
544339.000000 4051099.000000 -28.582645 -35.016377 6.433732
544339.000000 4051102.000000 -21.582645 -34.884021 13.301376
544339.000000 4051104.000000 -0.582645 -34.789307 34.206662
544339.000000 4051107.000000 3.417355 -34.637981 38.055337
544339.000000 4051110.000000 -1.582645 -34.476107 32.893462
544339.000000 4051156.000000 -4.582645 -31.099287 26.516643
544339.000000 4051158.000000 -12.582645 -30.930166 18.347522
544339.000000 4051161.000000 -11.582645 -30.675069 19.092425
544339.000000 4051172.000000 -21.582645 -29.730243 8.147598
544339.000000 4051175.000000 -18.582645 -29.471308 10.888663
544339.000000 4051210.000000 -10.582645 -26.500978 15.918334
544339.000000 4051213.000000 -13.582645 -26.255270 12.672625
544339.000000 4051252.000000 -22.582645 -23.252415 0.669770
544339.000000 4051254.000000 -20.582645 -23.108606 2.525962
544339.000000 4051258.000000 -21.582645 -22.824000 1.241356
544339.000000 4051260.000000 -23.582645 -22.683195 -0.899449
544339.000000 4051263.000000 -14.582645 -22.473848 7.891203
544339.000000 4051265.000000 -26.582645 -22.335514 -4.247130
544339.000000 4051508.000000 -39.582645 -8.971369 -30.611276
544339.000000 4051511.000000 -44.582645 -8.788406 -35.794239
544339.000000 4051513.000000 -19.582645 -8.665207 -10.917438
544339.000000 4051516.000000 -59.582645 -8.478517 -51.104128
544339.000000 4051518.000000 -45.582645 -8.352763 -37.229882
544339.000000 4051520.000000 -28.582645 -8.225946 -20.356698
544339.000000 4051523.000000 -39.582645 -8.033681 -31.548964
544339.000000 4051525.000000 -44.582645 -7.904109 -36.678535
544339.000000 4051528.000000 -44.582645 -7.707604 -36.875041
544339.000000 4052119.000000 37.417355 9.519737 27.897618
544339.000000 4052121.000000 46.417355 9.459850 36.957505
544339.000000 4052124.000000 47.417355 9.370016 38.047340
544339.000000 4052126.000000 48.417355 9.310125 39.107230
544339.000000 4052128.000000 45.417355 9.250237 36.167119
544339.000000 4052131.000000 41.417355 9.160412 32.256943
544340.000000 4051051.000000 6.417355 -35.120404 41.537759
544340.000000 4051053.000000 -0.582645 -35.203208 34.620563
544340.000000 4051056.000000 -0.582645 -35.312287 34.729643
544340.000000 4051058.000000 -0.582645 -35.374941 34.792297
544340.000000 4051060.000000 5.417355 -35.429575 40.846930
544340.000000 4051063.000000 3.417355 -35.496577 38.913933
544340.000000 4051068.000000 -0.582645 -35.568884 34.986239
544340.000000 4051070.000000 2.417355 -35.584250 38.001605
544340.000000 4051072.000000 -1.582645 -35.592006 34.009362
544340.000000 4051075.000000 -3.582645 -35.589605 32.006961
544340.000000 4051078.000000 -4.582645 -35.570713 30.988068
544340.000000 4051094.000000 -8.582645 -35.210915 26.628270
544340.000000 4051097.000000 -18.582645 -35.099028 16.516384
544340.000000 4051177.000000 -14.582645 -29.297569 14.714924
544340.000000 4051189.000000 -18.582645 -28.265291 9.682646
544340.000000 4051194.000000 -14.582645 -27.838968 13.256323
544340.000000 4051197.000000 -13.582645 -27.584752 14.002107
544340.000000 4051199.000000 -13.582645 -27.416021 13.833376
544340.000000 4051201.000000 -14.582645 -27.247933 12.665288
544340.000000 4051204.000000 -13.582645 -26.997084 13.414440
544340.000000 4051206.000000 -15.582645 -26.830757 11.248112
544340.000000 4051208.000000 -14.582645 -26.665189 12.082544
544340.000000 4051256.000000 -20.582645 -22.966676 2.384031
544340.000000 4051268.000000 -23.582645 -22.131202 -1.451442
544340.000000 4051483.000000 -43.582645 -10.441769 -33.140876
544340.000000 4051485.000000 -51.582645 -10.330702 -41.251943
544340.000000 4051504.000000 -37.582645 -9.238076 -28.344568
544340.000000 4051506.000000 -33.582645 -9.118683 -24.463962
544340.000000 4051530.000000 -42.582645 -7.607887 -34.974758
544340.000000 4052116.000000 38.417355 9.635256 28.782100
544340.000000 4052133.000000 41.417355 9.125888 32.291467
544340.000000 4052135.000000 36.417355 9.065957 27.351398
544341.000000 4051041.000000 9.417355 -34.592008 44.009363
544341.000000 4051044.000000 6.417355 -34.773045 41.190401
544341.000000 4051046.000000 7.417355 -34.883801 42.301156
544341.000000 4051048.000000 6.417355 -34.986550 41.403905
544341.000000 4051180.000000 -16.582645 -29.037747 12.455102
544341.000000 4051182.000000 -13.582645 -28.865405 15.282761
544341.000000 4051185.000000 -16.582645 -28.607341 12.024696
544341.000000 4051187.000000 -14.582645 -28.435682 13.853038
544341.000000 4051192.000000 -16.582645 -28.008280 11.425636
544341.000000 4051270.000000 -26.582645 -21.996897 -4.585747
544341.000000 4051272.000000 -24.582645 -21.862128 -2.720517
544341.000000 4051275.000000 -27.582645 -21.661761 -5.920884
544341.000000 4051481.000000 -40.582645 -10.573430 -30.009215
544341.000000 4051488.000000 -51.582645 -10.185428 -41.397216
544341.000000 4051490.000000 -42.582645 -10.072999 -32.509646
544341.000000 4051492.000000 -42.582645 -9.959832 -32.622812
544341.000000 4051494.000000 -41.582645 -9.845907 -31.736738
544341.000000 4051497.000000 -42.582645 -9.673550 -32.909094
544341.000000 4051499.000000 -48.582645 -9.557635 -39.025010
544341.000000 4051502.000000 -46.582645 -9.382192 -37.200453
544341.000000 4051532.000000 -44.582645 -7.508120 -37.074524
544341.000000 4051534.000000 -42.582645 -7.374399 -35.208245
544341.000000 4051946.000000 40.417355 14.859647 25.557708
544341.000000 4051948.000000 39.417355 14.797536 24.619819
544341.000000 4051951.000000 37.417355 14.704019 22.713337
544341.000000 4051953.000000 43.417355 14.641468 28.775887
544341.000000 4052112.000000 43.417355 9.780749 33.636606
544341.000000 4052114.000000 42.417355 9.720875 32.696480
544342.000000 4051039.000000 7.417355 -34.467738 41.885093
544342.000000 4051277.000000 -25.582645 -21.531247 -4.051398
544342.000000 4051471.000000 -43.582645 -11.133729 -32.448916
544342.000000 4051474.000000 -46.582645 -10.973545 -35.609099
544342.000000 4051479.000000 -41.582645 -10.703708 -30.878936
544342.000000 4051537.000000 -42.582645 -7.206313 -35.376332
544342.000000 4051539.000000 -43.582645 -7.070092 -36.512552
544342.000000 4051924.000000 39.417355 15.518133 23.899223
544342.000000 4051936.000000 43.417355 15.165339 28.252016
544342.000000 4051939.000000 42.417355 15.074992 27.342364
544342.000000 4051941.000000 38.417355 15.014375 23.402981
544342.000000 4051943.000000 39.417355 14.953477 24.463878
544342.000000 4051955.000000 39.417355 14.583453 24.833902
544342.000000 4051958.000000 35.417355 14.490028 20.927328
544342.000000 4051960.000000 33.417355 14.427605 18.989750
544342.000000 4051962.000000 41.417355 14.365091 27.052265
544342.000000 4052110.000000 44.417355 9.866353 34.551002
544343.000000 4051034.000000 11.417355 -34.114637 45.531992
544343.000000 4051036.000000 8.417355 -34.264117 42.681472
544343.000000 4051279.000000 -39.582645 -21.401913 -18.180732
544343.000000 4051464.000000 -44.582645 -11.521221 -33.061424
544343.000000 4051466.000000 -43.582645 -11.416692 -32.165952
544343.000000 4051469.000000 -43.582645 -11.258989 -32.323655
544343.000000 4051476.000000 -46.582645 -10.886430 -35.696215
544343.000000 4051541.000000 -41.582645 -6.968617 -34.614028
544343.000000 4051543.000000 -42.582645 -6.830456 -35.752188
544343.000000 4051905.000000 41.417355 16.021903 25.395452
544343.000000 4051907.000000 50.417355 15.971310 34.446045
544343.000000 4051910.000000 41.417355 15.893900 25.523456
544343.000000 4051912.000000 42.417355 15.841334 26.576021
544343.000000 4051915.000000 41.417355 15.761137 25.656218
544343.000000 4051917.000000 45.417355 15.706826 29.710530
544343.000000 4051919.000000 45.417355 15.651876 29.765479
544343.000000 4051922.000000 40.417355 15.568328 24.849028
544343.000000 4051927.000000 44.417355 15.426351 28.991004
544343.000000 4051929.000000 43.417355 15.368694 28.048661
544343.000000 4051931.000000 39.417355 15.310587 24.106768
544343.000000 4051934.000000 44.417355 15.222643 29.194712
544343.000000 4051965.000000 41.417355 14.278122 27.139233
544343.000000 4051967.000000 42.417355 14.215965 28.201391
544343.000000 4051970.000000 40.417355 14.122639 26.294716
544343.000000 4051972.000000 37.417355 14.060382 23.356973
544343.000000 4051975.000000 37.417355 13.966968 23.450388
544343.000000 4052105.000000 45.417355 10.041557 35.375798
544343.000000 4052108.000000 46.417355 9.951922 36.465434
544344.000000 4051022.000000 7.417355 -33.071586 40.488942
544344.000000 4051025.000000 15.417355 -33.357843 48.775198
544344.000000 4051027.000000 10.417355 -33.540075 43.957430
544344.000000 4051030.000000 11.417355 -33.800117 45.217473
544344.000000 4051032.000000 13.417355 -33.964395 47.381750
544344.000000 4051281.000000 -26.582645 -21.273753 -5.308892
544344.000000 4051309.000000 -26.582645 -19.541288 -7.041357
544344.000000 4051311.000000 -28.582645 -19.423598 -9.159047
544344.000000 4051314.000000 -27.582645 -19.248447 -8.334198
544344.000000 4051316.000000 -24.582645 -19.132583 -5.450061
544344.000000 4051455.000000 -46.582645 -12.003066 -34.579578
544344.000000 4051457.000000 -45.582645 -11.900776 -33.681868
544344.000000 4051459.000000 -42.582645 -11.798095 -30.784550
544344.000000 4051462.000000 -46.582645 -11.643298 -34.939346
544344.000000 4051546.000000 -44.582645 -6.658349 -37.924295
544344.000000 4051684.000000 5.417355 6.603275 -1.185920
544344.000000 4051694.000000 5.417355 7.743812 -2.326456
544344.000000 4051696.000000 5.417355 7.969931 -2.552576
544344.000000 4051698.000000 9.417355 8.195129 1.222227
544344.000000 4051701.000000 7.417355 8.530950 -1.113594
544344.000000 4051711.000000 10.417355 9.628589 0.788766
544344.000000 4051713.000000 27.417355 9.843241 17.574115
544344.000000 4051715.000000 10.417355 10.056001 0.361355
544344.000000 4051872.000000 72.417355 16.669125 55.748230
544344.000000 4051874.000000 57.417355 16.639361 40.777994
544344.000000 4051876.000000 40.417355 16.608026 23.809330
544344.000000 4051879.000000 40.417355 16.558187 23.859168
544344.000000 4051881.000000 38.417355 16.523145 21.894211
544344.000000 4051883.000000 43.417355 16.486705 26.930650
544344.000000 4051886.000000 42.417355 16.429533 25.987822
544344.000000 4051893.000000 40.417355 16.285221 24.132134
544344.000000 4051895.000000 43.417355 16.241388 27.175968
544344.000000 4051898.000000 40.417355 16.173633 24.243722
544344.000000 4051900.000000 44.417355 16.127189 28.290167
544344.000000 4051902.000000 43.417355 16.079773 27.337582
544344.000000 4051977.000000 37.417355 13.914205 23.503150
544344.000000 4052103.000000 40.417355 10.126949 30.290406
544345.000000 4051018.000000 2.417355 -32.674498 35.091853
544345.000000 4051020.000000 7.417355 -32.880028 40.297383
544345.000000 4051283.000000 -22.582645 -21.146758 -1.435886
544345.000000 4051286.000000 -33.582645 -20.954561 -12.628084
544345.000000 4051288.000000 -36.582645 -20.827547 -15.755098
544345.000000 4051307.000000 -25.582645 -19.663269 -5.919375
544345.000000 4051319.000000 -23.582645 -18.964302 -4.618342
544345.000000 4051452.000000 -43.582645 -12.172306 -31.410339
544345.000000 4051606.000000 -19.582645 -1.834688 -17.747957
544345.000000 4051608.000000 -26.582645 -1.647206 -24.935438
544345.000000 4051644.000000 -13.582645 2.005610 -15.588255
544345.000000 4051647.000000 -26.582645 2.331411 -28.914056
544345.000000 4051653.000000 -15.582645 2.990924 -18.573568
544345.000000 4051680.000000 8.417355 6.046082 2.371274
544345.000000 4051682.000000 5.417355 6.274757 -0.857402
544345.000000 4051686.000000 -4.582645 6.731574 -11.314218
544345.000000 4051689.000000 1.417355 7.073315 -5.655960
544345.000000 4051691.000000 7.417355 7.300531 0.116825
544345.000000 4051703.000000 4.417355 8.647056 -4.229701
544345.000000 4051706.000000 8.417355 8.977415 -0.560059
544345.000000 4051708.000000 12.417355 9.195858 3.221497
544345.000000 4051718.000000 13.417355 10.262297 3.155058
544345.000000 4051720.000000 2.417355 10.469648 -8.052292
544345.000000 4051723.000000 14.417355 10.776452 3.640904
544345.000000 4051725.000000 14.417355 10.978019 3.439336
544345.000000 4051862.000000 46.417355 16.752790 29.664566
544345.000000 4051864.000000 39.417355 16.732950 22.684406
544345.000000 4051867.000000 39.417355 16.699736 22.717620
544345.000000 4051869.000000 53.417355 16.675369 36.741986
544345.000000 4051888.000000 38.417355 16.365490 22.051865
544345.000000 4051890.000000 35.417355 16.325613 19.091742
544345.000000 4051979.000000 36.417355 13.862000 22.555355
544345.000000 4051982.000000 36.417355 13.770035 22.647321
544345.000000 4051984.000000 33.417355 13.708743 19.708612
544345.000000 4051987.000000 32.417355 13.616857 18.800499
544345.000000 4051989.000000 29.417355 13.555643 15.861712
544345.000000 4052096.000000 41.417355 10.360967 31.056388
544345.000000 4052098.000000 39.417355 10.301500 29.115855
544345.000000 4052101.000000 40.417355 10.212213 30.205142
544346.000000 4051011.000000 17.417355 -31.915113 49.332468
544346.000000 4051012.000000 20.417355 -32.029083 52.446438
544346.000000 4051013.000000 16.417355 -32.141635 48.558991
544346.000000 4051015.000000 16.417355 -32.362380 48.779736
544346.000000 4051290.000000 -35.582645 -20.704169 -14.878476
544346.000000 4051292.000000 -27.582645 -20.579003 -7.003642
544346.000000 4051292.000000 -33.582645 -20.579003 -13.003642
544346.000000 4051293.000000 -22.582645 -20.516743 -2.065901
544346.000000 4051302.000000 -24.582645 -19.965847 -4.616798
544346.000000 4051304.000000 -24.582645 -19.845667 -4.736978
544346.000000 4051321.000000 -25.582645 -18.854664 -6.727981
544346.000000 4051444.000000 -38.582645 -12.590227 -25.992418
544346.000000 4051446.000000 -36.582645 -12.490319 -24.092325
544346.000000 4051448.000000 -43.582645 -12.390130 -31.192515
544346.000000 4051450.000000 -48.582645 -12.289640 -36.293004
544346.000000 4051548.000000 -40.582645 -6.593973 -33.988672
544346.000000 4051603.000000 -23.582645 -2.172888 -21.409757
544346.000000 4051610.000000 -19.582645 -1.521548 -18.061097
544346.000000 4051613.000000 -14.582645 -1.236057 -13.346587
544346.000000 4051615.000000 -20.582645 -1.043631 -19.539014
544346.000000 4051618.000000 -23.582645 -0.751867 -22.830778
544346.000000 4051620.000000 -27.582645 -0.555291 -27.027353
544346.000000 4051623.000000 -25.582645 -0.257367 -25.325278
544346.000000 4051625.000000 -26.582645 -0.056734 -26.525910
544346.000000 4051637.000000 -17.582645 1.179572 -18.762217
544346.000000 4051639.000000 -12.582645 1.390775 -13.973419
544346.000000 4051642.000000 -7.582645 1.710154 -9.292799
544346.000000 4051649.000000 -28.582645 2.466641 -31.049286
544346.000000 4051650.000000 -23.582645 2.575911 -26.158556
544346.000000 4051655.000000 -5.582645 3.126333 -8.708978
544346.000000 4051675.000000 -5.582645 5.378128 -10.960772
544346.000000 4051678.000000 2.417355 5.719753 -3.302398
544346.000000 4051727.000000 13.417355 11.067073 2.350282
544346.000000 4051730.000000 13.417355 11.360784 2.056571
544346.000000 4051856.000000 37.417355 16.756066 20.661289
544346.000000 4051859.000000 37.417355 16.736351 20.681005
544346.000000 4051992.000000 36.417355 13.476070 22.941285
544346.000000 4051994.000000 35.417355 13.415406 22.001949
544346.000000 4051997.000000 34.417355 13.324507 21.092849
544346.000000 4052019.000000 43.417355 12.662476 30.754879
544346.000000 4052094.000000 42.417355 10.445769 31.971586
544347.000000 4051296.000000 -15.582645 -20.334351 4.751706
544347.000000 4051300.000000 -21.582645 -20.090136 -1.492509
544347.000000 4051323.000000 -23.582645 -18.745993 -4.836652
544347.000000 4051325.000000 -24.582645 -18.633556 -5.949089
544347.000000 4051332.000000 -23.582645 -18.245060 -5.337585
544347.000000 4051356.000000 -23.582645 -16.965334 -6.617311
544347.000000 4051358.000000 -25.582645 -16.861833 -8.720812
544347.000000 4051363.000000 -30.582645 -16.604869 -13.977775
544347.000000 4051366.000000 -29.582645 -16.451844 -13.130800
544347.000000 4051368.000000 -29.582645 -16.350277 -13.232367
544347.000000 4051377.000000 -28.582645 -15.897255 -12.685390
544347.000000 4051437.000000 -44.582645 -12.952418 -31.630227
544347.000000 4051439.000000 -40.582645 -12.853622 -27.729023
544347.000000 4051441.000000 -37.582645 -12.754609 -24.828036
544347.000000 4051549.000000 -42.582645 -6.562242 -36.020403
544347.000000 4051599.000000 -23.582645 -2.594026 -20.988618
544347.000000 4051601.000000 -30.582645 -2.414376 -28.168269
544347.000000 4051627.000000 -18.582645 0.073462 -18.656106
544347.000000 4051629.000000 -23.582645 0.276219 -23.858864
544347.000000 4051632.000000 -22.582645 0.583231 -23.165876
544347.000000 4051634.000000 -24.582645 0.789783 -25.372428
544347.000000 4051658.000000 -2.582645 3.371446 -5.954091
544347.000000 4051660.000000 -13.582645 3.593710 -17.176354
544347.000000 4051662.000000 -13.582645 3.816794 -17.399439
544347.000000 4051665.000000 -9.582645 4.152807 -13.735452
544347.000000 4051667.000000 1.417355 4.377632 -2.960277
544347.000000 4051669.000000 0.417355 4.603021 -4.185666
544347.000000 4051671.000000 -11.582645 4.828893 -16.411538
544347.000000 4051673.000000 -11.582645 5.055167 -16.637811
544347.000000 4051732.000000 12.417355 11.442813 0.974542
544347.000000 4051734.000000 10.417355 11.632568 -1.215213
544347.000000 4051737.000000 14.417355 11.911862 2.505493
544347.000000 4051744.000000 13.417355 12.537164 0.880191
544347.000000 4051854.000000 38.417355 16.719756 21.697599
544347.000000 4051999.000000 40.417355 13.277278 27.140077
544347.000000 4052017.000000 42.417355 12.739045 29.678310
544347.000000 4052022.000000 44.417355 12.590496 31.826859
544347.000000 4052024.000000 43.417355 12.531192 30.886164
544347.000000 4052089.000000 46.417355 10.619024 35.798332
544347.000000 4052092.000000 41.417355 10.530328 30.887027
544348.000000 4051298.000000 -11.582645 -20.215105 8.632461
544348.000000 4051328.000000 -22.582645 -18.471014 -4.111631
544348.000000 4051330.000000 -24.582645 -18.360296 -6.222348
544348.000000 4051335.000000 -23.582645 -18.086175 -5.496470
544348.000000 4051337.000000 -25.582645 -17.977558 -7.605087
544348.000000 4051340.000000 -27.582645 -17.815695 -9.766950
544348.000000 4051346.000000 -31.582645 -17.495614 -14.087031
544348.000000 4051349.000000 -27.582645 -17.337300 -10.245344
544348.000000 4051351.000000 -24.582645 -17.232365 -7.350280
544348.000000 4051354.000000 -22.582645 -17.075836 -5.506808
544348.000000 4051361.000000 -29.582645 -16.714429 -12.868215
544348.000000 4051370.000000 -29.582645 -16.256806 -13.325838
544348.000000 4051373.000000 -29.582645 -16.105817 -13.476828
544348.000000 4051375.000000 -32.582645 -16.005545 -16.577099
544348.000000 4051380.000000 -31.582645 -15.756117 -15.826528
544348.000000 4051403.000000 -33.582645 -14.625695 -18.956950
544348.000000 4051405.000000 -28.582645 -14.528238 -14.054407
544348.000000 4051434.000000 -46.582645 -13.114376 -33.468268
544348.000000 4051552.000000 -46.582645 -6.389955 -40.192690
544348.000000 4051554.000000 -45.582645 -6.247740 -39.334904
544348.000000 4051587.000000 -41.582645 -3.689578 -37.893067
544348.000000 4051589.000000 -36.582645 -3.520835 -33.061810
544348.000000 4051592.000000 -33.582645 -3.264632 -30.318013
544348.000000 4051594.000000 -31.582645 -3.091759 -28.490886
544348.000000 4051596.000000 -32.582645 -2.917220 -29.665424
544348.000000 4051739.000000 16.417355 11.983930 4.433425
544348.000000 4051742.000000 14.417355 12.252328 2.165027
544348.000000 4051746.000000 8.417355 12.599253 -4.181898
544348.000000 4051804.000000 25.417355 16.019477 9.397879
544348.000000 4051806.000000 21.417355 16.082373 5.334983
544348.000000 4051808.000000 23.417355 16.141818 7.275537
544348.000000 4051811.000000 28.417355 16.224612 12.192744
544348.000000 4051813.000000 34.417355 16.275624 18.141731
544348.000000 4051816.000000 37.417355 16.345986 21.071370
544348.000000 4051839.000000 36.417355 16.658106 19.759250
544348.000000 4051842.000000 38.417355 16.671753 21.745602
544348.000000 4051844.000000 36.417355 16.677712 19.739644
544348.000000 4051847.000000 29.417355 16.682082 12.735274
544348.000000 4051849.000000 35.417355 16.682033 18.735323
544348.000000 4051851.000000 36.417355 16.679680 19.737676
544348.000000 4052002.000000 42.417355 13.200803 29.216552
544348.000000 4052004.000000 43.417355 13.141244 30.276112
544348.000000 4052006.000000 37.417355 13.081739 24.335616
544348.000000 4052015.000000 43.417355 12.814701 30.602654
544348.000000 4052026.000000 41.417355 12.489988 28.927367
544348.000000 4052029.000000 43.417355 12.401730 31.015625
544348.000000 4052082.000000 29.417355 10.850175 18.567180
544348.000000 4052084.000000 42.417355 10.791368 31.625987
544348.000000 4052087.000000 46.417355 10.703054 35.714301
544349.000000 4051013.000000 20.417355 -32.165313 52.582668
544349.000000 4051342.000000 -34.582645 -17.714294 -16.868350
544349.000000 4051344.000000 -29.582645 -17.607735 -11.974910
544349.000000 4051382.000000 -32.582645 -15.665584 -16.917061
544349.000000 4051384.000000 -34.582645 -15.566685 -19.015960
544349.000000 4051386.000000 -35.582645 -15.468014 -20.114631
544349.000000 4051388.000000 -34.582645 -15.369556 -19.213089
544349.000000 4051391.000000 -28.582645 -15.222237 -13.360408
544349.000000 4051393.000000 -30.582645 -15.124246 -15.458398
544349.000000 4051398.000000 -30.582645 -14.879939 -15.702706
544349.000000 4051400.000000 -31.582645 -14.782443 -16.800201
544349.000000 4051407.000000 -32.582645 -14.441947 -18.140697
544349.000000 4051409.000000 -37.582645 -14.344810 -23.237834
544349.000000 4051419.000000 -33.582645 -13.859360 -19.723285
544349.000000 4051421.000000 -32.582645 -13.762206 -18.820439
544349.000000 4051423.000000 -34.582645 -13.664993 -20.917651
544349.000000 4051425.000000 -35.582645 -13.567705 -22.014939
544349.000000 4051427.000000 -39.582645 -13.470326 -26.112318
544349.000000 4051430.000000 -36.582645 -13.324050 -23.258594
544349.000000 4051432.000000 -44.582645 -13.226371 -31.356274
544349.000000 4051556.000000 -42.582645 -6.145005 -36.437640
544349.000000 4051559.000000 -38.582645 -5.928064 -32.654580
544349.000000 4051580.000000 -40.582645 -4.317294 -36.265350
544349.000000 4051582.000000 -42.582645 -4.155056 -38.427589
544349.000000 4051585.000000 -44.582645 -3.908701 -40.673944
544349.000000 4051748.000000 9.417355 12.658242 -3.240886
544349.000000 4051751.000000 12.417355 12.905565 -0.488210
544349.000000 4051784.000000 29.417355 15.097081 14.320275
544349.000000 4051787.000000 31.417355 15.246259 16.171097
544349.000000 4051789.000000 30.417355 15.341063 15.076292
544349.000000 4051791.000000 33.417355 15.432171 17.985185
544349.000000 4051794.000000 31.417355 15.561944 15.855412
544349.000000 4051796.000000 30.417355 15.643903 14.773453
544349.000000 4051799.000000 32.417355 15.760077 16.657279
544349.000000 4051801.000000 28.417355 15.833062 12.584294
544349.000000 4051818.000000 36.417355 16.314874 20.102481
544349.000000 4051820.000000 35.417355 16.355986 19.061370
544349.000000 4051822.000000 28.417355 16.393988 12.023368
544349.000000 4051825.000000 11.417355 16.445274 -5.027918
544349.000000 4051827.000000 -6.582645 16.475730 -23.058375
544349.000000 4051830.000000 17.417355 16.515948 0.901408
544349.000000 4051832.000000 32.417355 16.539194 15.878161
544349.000000 4051835.000000 34.417355 16.568855 17.848501
544349.000000 4051837.000000 35.417355 16.585236 18.832119
544349.000000 4052009.000000 40.417355 13.007272 27.410083
544349.000000 4052011.000000 37.417355 12.948306 24.469049
544349.000000 4052013.000000 43.417355 12.889395 30.527961
544349.000000 4052031.000000 50.417355 12.361580 38.055776
544349.000000 4052033.000000 48.417355 12.303173 36.114182
544349.000000 4052035.000000 41.417355 12.244806 29.172549
544349.000000 4052038.000000 41.417355 12.157322 29.260033
544349.000000 4052042.000000 42.417355 12.040781 30.376574
544349.000000 4052044.000000 46.417355 11.982547 34.434808
544349.000000 4052047.000000 48.417355 11.895231 36.522124
544349.000000 4052049.000000 70.417355 11.837037 58.580319
544349.000000 4052078.000000 39.417355 10.991931 28.425424
544349.000000 4052080.000000 36.417355 10.933377 25.483978
544350.000000 4051396.000000 -31.582645 -14.987628 -16.595017
544350.000000 4051412.000000 -34.582645 -14.210830 -20.371814
544350.000000 4051414.000000 -35.582645 -14.113969 -21.468676
544350.000000 4051416.000000 -36.582645 -14.017107 -22.565537
544350.000000 4051561.000000 -40.582645 -5.824268 -34.758377
544350.000000 4051563.000000 -38.582645 -5.677178 -32.905467
544350.000000 4051566.000000 -42.582645 -5.453845 -37.128799
544350.000000 4051568.000000 -42.582645 -5.303132 -37.279513
544350.000000 4051571.000000 -33.582645 -5.074281 -28.508364
544350.000000 4051573.000000 -30.582645 -4.919835 -25.662810
544350.000000 4051575.000000 -33.582645 -4.763867 -28.818778
544350.000000 4051578.000000 -43.582645 -4.527028 -39.055617
544350.000000 4051753.000000 14.417355 12.957148 1.460207
544350.000000 4051779.000000 30.417355 14.730565 15.686791
544350.000000 4051782.000000 34.417355 14.895307 19.522049
544350.000000 4052040.000000 38.417355 12.118848 26.298507
544350.000000 4052051.000000 48.417355 11.800202 36.617153
544350.000000 4052054.000000 43.417355 11.713314 31.704042
544350.000000 4052056.000000 39.417355 11.655377 27.761979
544350.000000 4052066.000000 40.417355 11.365388 29.051968
544350.000000 4052068.000000 44.417355 11.307298 33.110058
544350.000000 4052071.000000 43.417355 11.220085 32.197271
544350.000000 4052073.000000 47.417355 11.161885 36.255470
544350.000000 4052075.000000 43.417355 11.103634 32.313721
544351.000000 4051756.000000 21.417355 13.083596 8.333759
544351.000000 4051758.000000 19.417355 13.236786 6.180569
544351.000000 4051777.000000 27.417355 14.515112 12.902244
544351.000000 4052059.000000 40.417355 11.590651 28.826705
544351.000000 4052061.000000 41.417355 11.532906 29.884450
544351.000000 4052063.000000 41.417355 11.475128 29.942228
544352.000000 4051014.000000 35.417355 -32.299194 67.716550
544352.000000 4051760.000000 18.417355 13.278097 5.139259
544352.000000 4051763.000000 23.417355 13.497105 9.920250
544352.000000 4051770.000000 23.417355 13.977262 9.440093
544352.000000 4051772.000000 27.417355 14.106391 13.310965
544352.000000 4051775.000000 28.417355 14.293294 14.124061
544353.000000 4051765.000000 21.417355 13.531287 7.886069
544353.000000 4051767.000000 24.417355 13.670098 10.747258
544354.000000 4051014.000000 39.417355 -32.314180 71.731535
